02:18:50:404 INFO  MyLogger.info - Open page
02:18:52:220 INFO  MyLogger.info - Enter code
02:18:52:536 INFO  MyLogger.info - Entered paste expiration
02:19:03:186 INFO  MyLogger.info - Entered paste name
02:19:08:450 INFO  MyLogger.info - Clicked submit
02:19:15:957 INFO  MyLogger.attach - RP_MESSAGE#FILE#screenshots/scr4299577533961.jpg#Screenshot
2020-07-06 02:28:55:210 INFO  MyLogger.info - Open page
2020-07-06 02:28:57:003 INFO  MyLogger.info - Enter code
2020-07-06 02:28:57:147 INFO  MyLogger.info - Entered paste expiration
2020-07-06 02:28:57:467 INFO  MyLogger.info - Entered paste name
2020-07-06 02:28:57:654 INFO  MyLogger.info - Clicked submit
2020-07-06 02:28:59:118 INFO  MyLogger.attach - RP_MESSAGE#FILE#screenshots/scr4882746803949.jpg#Screenshot
2020-07-06 02:49:07:907 INFO  MyLogger.info - Open page
2020-07-06 02:49:09:336 INFO  MyLogger.info - Enter code
2020-07-06 02:49:09:535 INFO  MyLogger.info - Entered paste expiration
2020-07-06 02:49:09:865 INFO  MyLogger.info - Entered paste name
2020-07-06 02:49:10:077 INFO  MyLogger.info - Clicked submit
2020-07-06 02:49:11:622 INFO  MyLogger.attach - RP_MESSAGE#FILE#screenshots/scr6095239812028.jpg#Screenshot
2020-07-06 02:56:02:388 INFO  MyLogger.attach - RP_MESSAGE#FILE#screenshots/scr6505949411079.jpg#Screenshot
2020-07-06 02:56:02:686 INFO  MyLogger.info - Open page
2020-07-06 02:56:03:977 INFO  MyLogger.info - Open page
2020-07-06 02:56:04:574 INFO  MyLogger.info - Enter code
2020-07-06 02:56:04:792 INFO  MyLogger.info - Entered paste expiration
2020-07-06 02:56:05:085 INFO  MyLogger.info - Entered paste name
2020-07-06 02:56:05:293 INFO  MyLogger.info - Clicked submit
2020-07-06 02:56:06:826 INFO  MyLogger.attach - RP_MESSAGE#FILE#screenshots/scr6510446689916.jpg#Screenshot
2020-07-06 02:58:15:102 INFO  MyLogger.attach - RP_MESSAGE#FILE#screenshots/scr6638665508218.jpg#Screenshot
2020-07-06 02:58:15:462 INFO  MyLogger.info - Open page
2020-07-06 02:58:16:820 INFO  MyLogger.info - Enter code
2020-07-06 02:58:22:502 INFO  MyLogger.info - Open page
2020-07-06 02:58:56:608 INFO  MyLogger.info - Open page
2020-07-06 02:59:20:432 INFO  MyLogger.info - Open page
2020-07-06 02:59:21:767 INFO  MyLogger.info - Enter code
2020-07-06 02:59:22:020 INFO  MyLogger.info - Entered paste expiration
2020-07-06 02:59:32:638 INFO  MyLogger.info - Entered paste name
2020-07-06 02:59:37:939 INFO  MyLogger.info - Clicked submit
2020-07-06 02:59:39:823 INFO  MyLogger.attach - RP_MESSAGE#FILE#screenshots/scr6723436229554.jpg#Screenshot
2020-07-06 02:59:55:593 INFO  MyLogger.info - Open page
2020-07-06 03:00:47:013 INFO  MyLogger.info - Open page
2020-07-06 03:00:48:317 INFO  MyLogger.info - Enter code
2020-07-06 03:03:01:100 INFO  MyLogger.info - Open page
2020-07-06 03:03:02:596 INFO  MyLogger.info - Enter code
2020-07-06 03:03:03:188 INFO  MyLogger.info - Syntax field value entered
2020-07-06 03:03:03:384 INFO  MyLogger.info - Entered paste expiration
2020-07-06 03:03:03:621 INFO  MyLogger.info - Entered paste name
2020-07-06 03:03:03:940 INFO  MyLogger.info - Clicked submit
2020-07-06 03:03:05:439 INFO  MyLogger.attach - RP_MESSAGE#FILE#screenshots/scr6929048681811.jpg#Screenshot
2020-07-06 03:03:43:279 INFO  MyLogger.info - Open page
2020-07-06 03:03:44:648 INFO  MyLogger.info - Enter code
2020-07-06 03:03:45:279 INFO  MyLogger.info - Syntax field value entered
2020-07-06 03:03:45:457 INFO  MyLogger.info - Entered paste expiration
2020-07-06 03:03:45:717 INFO  MyLogger.info - Entered paste name
2020-07-06 03:03:46:025 INFO  MyLogger.info - Clicked submit
2020-07-06 03:03:47:414 INFO  MyLogger.attach - RP_MESSAGE#FILE#screenshots/scr6971025834181.jpg#Screenshot
2020-07-06 03:04:33:801 INFO  MyLogger.info - Open page
2020-07-06 03:04:35:136 INFO  MyLogger.info - Enter code
2020-07-06 03:04:35:737 INFO  MyLogger.info - Syntax field value entered
2020-07-06 03:04:35:935 INFO  MyLogger.info - Entered paste expiration
2020-07-06 03:04:36:167 INFO  MyLogger.info - Entered paste name
2020-07-06 03:04:36:502 INFO  MyLogger.info - Clicked submit
2020-07-06 03:04:38:269 INFO  MyLogger.attach - RP_MESSAGE#FILE#screenshots/scr7021879740501.jpg#Screenshot
2020-07-06 03:05:24:321 INFO  MyLogger.info - Open page
2020-07-06 03:05:25:488 INFO  MyLogger.info - Enter code
2020-07-06 03:05:26:014 INFO  MyLogger.info - Syntax field value entered
2020-07-06 03:05:26:227 INFO  MyLogger.info - Entered paste expiration
2020-07-06 03:05:26:472 INFO  MyLogger.info - Entered paste name
2020-07-06 03:05:26:801 INFO  MyLogger.info - Clicked submit
2020-07-06 03:05:28:144 INFO  MyLogger.attach - RP_MESSAGE#FILE#screenshots/scr7071754099804.jpg#Screenshot
2020-07-06 03:06:55:458 INFO  MyLogger.info - Open page
2020-07-06 03:06:57:249 INFO  MyLogger.info - Enter code
2020-07-06 03:06:57:766 INFO  MyLogger.info - Syntax field value entered
2020-07-06 03:06:57:967 INFO  MyLogger.info - Entered paste expiration
2020-07-06 03:06:58:216 INFO  MyLogger.info - Entered paste name
2020-07-06 03:06:58:542 INFO  MyLogger.info - Clicked submit
2020-07-06 03:06:59:976 INFO  MyLogger.attach - RP_MESSAGE#FILE#screenshots/scr7163575254727.jpg#Screenshot
2020-07-06 03:07:15:957 INFO  MyLogger.info - Open page
2020-07-06 03:07:17:123 INFO  MyLogger.info - Enter code
2020-07-06 03:07:17:294 INFO  MyLogger.info - Entered paste expiration
2020-07-06 03:07:17:680 INFO  MyLogger.info - Entered paste name
2020-07-06 03:07:17:887 INFO  MyLogger.info - Clicked submit
2020-07-06 03:07:19:665 INFO  MyLogger.attach - RP_MESSAGE#FILE#screenshots/scr7183274755783.jpg#Screenshot
2020-07-06 03:08:52:064 INFO  MyLogger.attach - RP_MESSAGE#FILE#screenshots/scr7275537811471.jpg#Screenshot
2020-07-06 03:08:52:324 INFO  MyLogger.info - Open page
2020-07-06 03:08:54:158 INFO  MyLogger.info - Enter code
2020-07-06 03:08:54:655 INFO  MyLogger.info - Syntax field value entered
2020-07-06 03:08:54:823 INFO  MyLogger.info - Entered paste expiration
2020-07-06 03:08:55:042 INFO  MyLogger.info - Entered paste name
2020-07-06 03:08:55:392 INFO  MyLogger.info - Clicked submit
2020-07-06 03:08:56:667 INFO  MyLogger.attach - RP_MESSAGE#FILE#screenshots/scr7280280252606.jpg#Screenshot
2020-07-06 03:11:02:841 INFO  MyLogger.info - Open page
2020-07-06 03:11:04:083 INFO  MyLogger.info - Enter code
2020-07-06 03:11:04:717 INFO  MyLogger.info - Syntax field value entered
2020-07-06 03:11:04:938 INFO  MyLogger.info - Entered paste expiration
2020-07-06 03:11:05:169 INFO  MyLogger.info - Entered paste name
2020-07-06 03:11:05:477 INFO  MyLogger.info - Clicked submit
2020-07-06 03:11:07:024 INFO  MyLogger.attach - RP_MESSAGE#FILE#screenshots/scr7410631876546.jpg#Screenshot
2020-07-06 03:12:42:171 INFO  MyLogger.info - Open page
2020-07-06 03:12:43:272 INFO  MyLogger.info - Enter code
2020-07-06 03:12:43:865 INFO  MyLogger.info - Syntax field value entered
2020-07-06 03:13:15:491 INFO  MyLogger.info - Entered paste expiration
2020-07-06 03:13:21:439 INFO  MyLogger.info - Entered paste name
2020-07-06 03:13:22:879 INFO  MyLogger.info - Clicked submit
2020-07-06 03:13:24:638 INFO  MyLogger.attach - RP_MESSAGE#FILE#screenshots/scr7548243881505.jpg#Screenshot
2020-07-06 03:18:16:849 INFO  MyLogger.info - Open page
2020-07-06 03:18:18:280 INFO  MyLogger.info - Enter code
2020-07-06 03:18:19:263 INFO  MyLogger.info - Syntax field value entered
2020-07-06 03:18:19:621 INFO  MyLogger.info - Entered paste expiration
2020-07-06 03:18:19:882 INFO  MyLogger.info - Entered paste name
2020-07-06 03:18:20:205 INFO  MyLogger.info - Clicked submit
2020-07-06 03:18:21:877 INFO  MyLogger.attach - RP_MESSAGE#FILE#screenshots/scr7845478461581.jpg#Screenshot
2020-07-06 03:18:23:586 INFO  MyLogger.info - Open page
2020-07-06 03:18:24:723 INFO  MyLogger.info - Enter code
2020-07-06 03:18:24:980 INFO  MyLogger.info - Entered paste expiration
2020-07-06 03:18:25:582 INFO  MyLogger.info - Entered paste name
2020-07-06 03:18:25:859 INFO  MyLogger.info - Clicked submit
2020-07-06 03:18:27:511 INFO  MyLogger.attach - RP_MESSAGE#FILE#screenshots/scr7851119353126.jpg#Screenshot
2020-07-06 03:18:33:355 INFO  MyLogger.attach - RP_MESSAGE#FILE#screenshots/scr7856963002574.jpg#Screenshot
2020-07-06 03:21:09:796 INFO  MyLogger.info - Open page
2020-07-06 03:21:11:061 INFO  MyLogger.info - Enter code
2020-07-06 03:21:11:618 INFO  MyLogger.info - Syntax field value entered
2020-07-06 03:21:11:855 INFO  MyLogger.info - Entered paste expiration
2020-07-06 03:21:12:093 INFO  MyLogger.info - Entered paste name
2020-07-06 03:21:12:440 INFO  MyLogger.info - Clicked submit
2020-07-06 03:21:13:508 INFO  MyLogger.info - Open page
2020-07-06 03:21:13:898 INFO  MyLogger.info - Enter code
2020-07-06 03:21:14:022 INFO  MyLogger.info - Entered paste expiration
2020-07-06 03:21:14:272 INFO  MyLogger.info - Entered paste name
2020-07-06 03:21:14:499 INFO  MyLogger.info - Clicked submit
2020-07-06 03:21:20:928 INFO  MyLogger.attach - RP_MESSAGE#FILE#screenshots/scr8024531203592.jpg#Ошибка выполнения тестаScreenshot
